<html xmlns:math="http://exslt.org/math" xmlns:testng="http://testng.org">
   <head>
      <title>TestNG Results</title>
      <meta http-equiv="content-type" content="text/html; charset=utf-8"></meta>
      <meta http-equiv="pragma" content="no-cache"></meta>
      <meta http-equiv="cache-control" content="max-age=0"></meta>
      <meta http-equiv="cache-control" content="no-cache"></meta>
      <meta http-equiv="cache-control" content="no-store"></meta>
      <LINK rel="stylesheet" href="style.css"></LINK>
      <script type="text/javascript" src="main.js"></script>
   </head>
   <body>
      <table width="100%" style="font-size: 16px; margin-bottom: 10px;" cellspacing="1">
         <tr>
            <td width="100%">
               All methods in suite
               
               <b>Suite</b>
            </td>
            <td style="background-color: #FFBBBB; padding: 3px 3px 3px 0;" align="center">
               <div style="width: 50px;">0</div>
            </td>
            <td style="background-color: lightgreen; padding: 3px 3px 3px 0;" align="center">
               <div style="width: 50px;">6</div>
            </td>
            <td style="background-color: #FFFFBB; padding: 3px 3px 3px 0;" align="center">
               <div style="width: 50px;">0</div>
            </td>
            <td align="center" style="background-color: #eaf0f7; padding: 3px 3px 3px 0;">
               <div style="width: 50px;">6</div>
            </td>
            <td align="center"
                style="font-weight: bold; background-color: #eaf0f7; padding: 3px 3px 3px 0;">
               <div style="width: 50px;">100%</div>
            </td>
            <td style="background-color: #eaf0f7; padding: 3px 3px 3px 0;" align="center"
                nowrap="true">22s
               
            </td>
         </tr>
      </table>
      <div style="width: 200px;">
         <label for="groupMethodsCheckBox" style="font-weight: bold; margin: 0;">
            <input id="groupMethodsCheckBox" type="checkbox" onclick="switchTestMethodsView(this)"
                   checked=""></input>
            Group by class
            
         </label>
         <br></br>
         <label for="methodsFilter_ALL" style="font-weight: bold; margin: 0;">
            <input id="methodsFilter_ALL" type="checkbox"
                   onclick="testMethodsFilterChanged(this, 'ALL')"
                   checked=""></input>
            All
            
         </label>
      </div>
      <label for="methodsFilter_FAIL" style="margin-left: 20px;">
         <input id="methodsFilter_FAIL" type="checkbox"
                onclick="testMethodsFilterChanged(this, 'FAIL')"
                checked=""></input>
         Failed
         
      </label>
      <label for="methodsFilter_PASS">
         <input id="methodsFilter_PASS" type="checkbox"
                onclick="testMethodsFilterChanged(this, 'PASS')"
                checked=""></input>
         Passed
         
      </label>
      <label for="methodsFilter_SKIP">
         <input id="methodsFilter_SKIP" type="checkbox"
                onclick="testMethodsFilterChanged(this, 'SKIP')"
                checked=""></input>
         Skipped
         
      </label>
      <label for="methodsFilter_CONF">
         <input id="methodsFilter_CONF" type="checkbox"
                onclick="testMethodsFilterChanged(this, 'CONF')"
                checked=""></input>
         Config
         
      </label>
      <br></br>
      <div id="testMethodsByStatus" style="display: none;">
         <table class="testMethodsTable" cellpadding="0" cellspacing="0">
            <tr class="methodsTableHeader">
               <td width="100%">Name</td>
               <td nowrap="true">Started</td>
               <td nowrap="true">Duration</td>
               <td>Exception</td>
            </tr>
            <tr id="com.vsii.tsc.TSCSelenium03.tranglt.TestBase_tearDown_byStatus_failed_FAIL1_row"
                class="testMethodStatusFAIL testMethodStatusCONF">
               <td width="100%" class="firstMethodCell">
                  <a onclick="toggleDetailsVisibility('com.vsii.tsc.TSCSelenium03.tranglt.TestBase_tearDown_byStatus_failed_FAIL1_details')">tearDown()</a>
               </td>
               <td nowrap="true">16:34:26</td>
               <td nowrap="true" align="right">0 ms
                  
               </td>
               <td nowrap="true">
                  <a onclick="toggleDetailsVisibility('com.vsii.tsc.TSCSelenium03.tranglt.TestBase_tearDown_byStatus_failed_FAIL1_exception')">java.lang.RuntimeException: 
                     Process refused to die after 10 seconds, and couldn't taskkill it: Unable to find executable for: taskkill
                     
                  </a>
                   
                  
               </td>
            </tr>
            <tr>
               <td colspan="4" class="detailsBox">
                  <div id="com.vsii.tsc.TSCSelenium03.tranglt.TestBase_tearDown_byStatus_failed_FAIL1_details"
                       class="testMethodDetails">
                     <div>
                        <b>Name: </b>tearDown
                     </div>
                     <div>
                        <b>Signature: </b>tearDown()[pri:0, instance:com.vsii.tsc.TSCSelenium03.tranglt.TestBase@179caec]
                     </div>
                     <div>
                        <b>Start time: </b>16:34:26
                     </div>
                     <div>
                        <b>End time: </b>16:34:26
                     </div>
                     <div>
                        <b>Duration: </b>0 ms
                        
                     </div>
                  </div>
               </td>
            </tr>
            <tr>
               <td colspan="4" class="detailsBox">
                  <div id="com.vsii.tsc.TSCSelenium03.tranglt.TestBase_tearDown_byStatus_failed_FAIL1_exception"
                       class="testMethodDetails">
                     <pre style="padding: 5px; margin: 0;">java.lang.RuntimeException: Process refused to die after 10 seconds, and couldn't taskkill it: Unable to find executable for:
                        taskkill
                        	at org.openqa.selenium.os.ProcessUtils.killWinProcess(ProcessUtils.java:142)
                        	at org.openqa.selenium.os.ProcessUtils.killProcess(ProcessUtils.java:81)
                        	at org.openqa.selenium.os.UnixProcess$SeleniumWatchDog.destroyHarder(UnixProcess.java:247)
                        	at org.openqa.selenium.os.UnixProcess$SeleniumWatchDog.access$2(UnixProcess.java:246)
                        	at org.openqa.selenium.os.UnixProcess.destroy(UnixProcess.java:125)
                        	at org.openqa.selenium.os.CommandLine.destroy(CommandLine.java:155)
                        	at org.openqa.selenium.firefox.FirefoxBinary.quit(FirefoxBinary.java:246)
                        	at org.openqa.selenium.firefox.internal.NewProfileExtensionConnection.quit(NewProfileExtensionConnection.java:194)
                        	at org.openqa.selenium.firefox.FirefoxDriver$LazyCommandExecutor.quit(FirefoxDriver.java:364)
                        	at org.openqa.selenium.firefox.FirefoxDriver.stopClient(FirefoxDriver.java:310)
                        	at org.openqa.selenium.remote.RemoteWebDriver.quit(RemoteWebDriver.java:529)
                        	at com.vsii.tsc.TSCSelenium03.tranglt.TestBase.tearDown(Unknown Source)
                        	at sun.reflect.NativeMethodAccessorImpl.invoke0(Native Method)
                        	at sun.reflect.NativeMethodAccessorImpl.invoke(Unknown Source)
                        	at sun.reflect.DelegatingMethodAccessorImpl.invoke(Unknown Source)
                        	at java.lang.reflect.Method.invoke(Unknown Source)
                        	at org.testng.internal.MethodInvocationHelper.invokeMethod(MethodInvocationHelper.java:84)
                        	at org.testng.internal.Invoker.invokeConfigurationMethod(Invoker.java:564)
                        	at org.testng.internal.Invoker.invokeConfigurations(Invoker.java:213)
                        	at org.testng.internal.Invoker.invokeConfigurations(Invoker.java:138)
                        	at org.testng.SuiteRunner.privateRun(SuiteRunner.java:322)
                        	at org.testng.SuiteRunner.run(SuiteRunner.java:254)
                        	at org.testng.SuiteRunnerWorker.runSuite(SuiteRunnerWorker.java:52)
                        	at org.testng.SuiteRunnerWorker.run(SuiteRunnerWorker.java:86)
                        	at org.testng.TestNG.runSuitesSequentially(TestNG.java:1224)
                        	at org.testng.TestNG.runSuitesLocally(TestNG.java:1149)
                        	at org.testng.TestNG.run(TestNG.java:1057)
                        	at org.testng.TestNG.privateMain(TestNG.java:1364)
                        	at org.testng.TestNG.main(TestNG.java:1333)
                        Caused by: java.lang.NullPointerException: Unable to find executable for: taskkill
                        	at com.google.common.base.Preconditions.checkNotNull(Preconditions.java:251)
                        	at org.openqa.selenium.os.UnixProcess.&lt;init&gt;(UnixProcess.java:62)
                        	at org.openqa.selenium.os.CommandLine.&lt;init&gt;(CommandLine.java:38)
                        	at org.openqa.selenium.os.WindowsUtils.killPID(WindowsUtils.java:178)
                        	at org.openqa.selenium.os.ProcessUtils.killWinProcess(ProcessUtils.java:138)
                        	... 28 more
                     </pre>
                  </div>
               </td>
            </tr>
            <tr id="com.vsii.tsc.TSCSelenium03.tranglt.LoginTest_loginFail_byStatus_passed_PASS1_row"
                class="testMethodStatusPASS">
               <td width="100%" class="firstMethodCell">
                  <a onclick="toggleDetailsVisibility('com.vsii.tsc.TSCSelenium03.tranglt.LoginTest_loginFail_byStatus_passed_PASS1_details')">loginFail(tranglt
                     
                     ,
                     
                     123456546)
                  </a>
               </td>
               <td nowrap="true">16:34:04</td>
               <td nowrap="true" align="right">3s
                  
               </td>
               <td nowrap="true">
                   
                  
               </td>
            </tr>
            <tr>
               <td colspan="4" class="detailsBox">
                  <div id="com.vsii.tsc.TSCSelenium03.tranglt.LoginTest_loginFail_byStatus_passed_PASS1_details"
                       class="testMethodDetails">
                     <div>
                        <b>Name: </b>loginFail
                     </div>
                     <div>
                        <b>Signature: </b>loginFail(java.lang.String, java.lang.String)[pri:0, instance:com.vsii.tsc.TSCSelenium03.tranglt.LoginTest@1117f44]
                     </div>
                     <div>
                        <b>Parameters: </b>
                        
                        tranglt
                        
                        ,
                        
                        123456546
                        
                        
                     </div>
                     <div>
                        <b>Start time: </b>16:34:04
                     </div>
                     <div>
                        <b>End time: </b>16:34:08
                     </div>
                     <div>
                        <b>Duration: </b>3s
                        
                     </div>
                  </div>
               </td>
            </tr>
            <tr></tr>
            <tr id="com.vsii.tsc.TSCSelenium03.tranglt.LoginTest_loginFail_byStatus_passed_PASS2_row"
                class="testMethodStatusPASS">
               <td width="100%" class="firstMethodCell">
                  <a onclick="toggleDetailsVisibility('com.vsii.tsc.TSCSelenium03.tranglt.LoginTest_loginFail_byStatus_passed_PASS2_details')">loginFail(tranglt
                     
                     ,
                     
                     12345)
                  </a>
               </td>
               <td nowrap="true">16:34:08</td>
               <td nowrap="true" align="right">4s
                  
               </td>
               <td nowrap="true">
                   
                  
               </td>
            </tr>
            <tr>
               <td colspan="4" class="detailsBox">
                  <div id="com.vsii.tsc.TSCSelenium03.tranglt.LoginTest_loginFail_byStatus_passed_PASS2_details"
                       class="testMethodDetails">
                     <div>
                        <b>Name: </b>loginFail
                     </div>
                     <div>
                        <b>Signature: </b>loginFail(java.lang.String, java.lang.String)[pri:0, instance:com.vsii.tsc.TSCSelenium03.tranglt.LoginTest@1117f44]
                     </div>
                     <div>
                        <b>Parameters: </b>
                        
                        tranglt
                        
                        ,
                        
                        12345
                        
                        
                     </div>
                     <div>
                        <b>Start time: </b>16:34:08
                     </div>
                     <div>
                        <b>End time: </b>16:34:13
                     </div>
                     <div>
                        <b>Duration: </b>4s
                        
                     </div>
                  </div>
               </td>
            </tr>
            <tr></tr>
            <tr id="com.vsii.tsc.TSCSelenium03.tranglt.LoginTest_loginFail_byStatus_passed_PASS3_row"
                class="testMethodStatusPASS">
               <td width="100%" class="firstMethodCell">
                  <a onclick="toggleDetailsVisibility('com.vsii.tsc.TSCSelenium03.tranglt.LoginTest_loginFail_byStatus_passed_PASS3_details')">loginFail(tutorial
                     
                     ,)
                  </a>
               </td>
               <td nowrap="true">16:34:13</td>
               <td nowrap="true" align="right">2s
                  
               </td>
               <td nowrap="true">
                   
                  
               </td>
            </tr>
            <tr>
               <td colspan="4" class="detailsBox">
                  <div id="com.vsii.tsc.TSCSelenium03.tranglt.LoginTest_loginFail_byStatus_passed_PASS3_details"
                       class="testMethodDetails">
                     <div>
                        <b>Name: </b>loginFail
                     </div>
                     <div>
                        <b>Signature: </b>loginFail(java.lang.String, java.lang.String)[pri:0, instance:com.vsii.tsc.TSCSelenium03.tranglt.LoginTest@1117f44]
                     </div>
                     <div>
                        <b>Parameters: </b>
                        
                        tutorial
                        
                        ,
                        
                        
                     </div>
                     <div>
                        <b>Start time: </b>16:34:13
                     </div>
                     <div>
                        <b>End time: </b>16:34:15
                     </div>
                     <div>
                        <b>Duration: </b>2s
                        
                     </div>
                  </div>
               </td>
            </tr>
            <tr></tr>
            <tr id="com.vsii.tsc.TSCSelenium03.tranglt.LoginTest_loginFail_byStatus_passed_PASS4_row"
                class="testMethodStatusPASS">
               <td width="100%" class="firstMethodCell">
                  <a onclick="toggleDetailsVisibility('com.vsii.tsc.TSCSelenium03.tranglt.LoginTest_loginFail_byStatus_passed_PASS4_details')">loginFail(tutorial
                     
                     ,)
                  </a>
               </td>
               <td nowrap="true">16:34:15</td>
               <td nowrap="true" align="right">2s
                  
               </td>
               <td nowrap="true">
                   
                  
               </td>
            </tr>
            <tr>
               <td colspan="4" class="detailsBox">
                  <div id="com.vsii.tsc.TSCSelenium03.tranglt.LoginTest_loginFail_byStatus_passed_PASS4_details"
                       class="testMethodDetails">
                     <div>
                        <b>Name: </b>loginFail
                     </div>
                     <div>
                        <b>Signature: </b>loginFail(java.lang.String, java.lang.String)[pri:0, instance:com.vsii.tsc.TSCSelenium03.tranglt.LoginTest@1117f44]
                     </div>
                     <div>
                        <b>Parameters: </b>
                        
                        tutorial
                        
                        ,
                        
                        
                     </div>
                     <div>
                        <b>Start time: </b>16:34:15
                     </div>
                     <div>
                        <b>End time: </b>16:34:17
                     </div>
                     <div>
                        <b>Duration: </b>2s
                        
                     </div>
                  </div>
               </td>
            </tr>
            <tr></tr>
            <tr id="com.vsii.tsc.TSCSelenium03.tranglt.LoginTest_loginSucc_byStatus_passed_PASS5_row"
                class="testMethodStatusPASS">
               <td width="100%" class="firstMethodCell">
                  <a onclick="toggleDetailsVisibility('com.vsii.tsc.TSCSelenium03.tranglt.LoginTest_loginSucc_byStatus_passed_PASS5_details')">loginSucc()</a>
               </td>
               <td nowrap="true">16:34:17</td>
               <td nowrap="true" align="right">2s
                  
               </td>
               <td nowrap="true">
                   
                  
               </td>
            </tr>
            <tr>
               <td colspan="4" class="detailsBox">
                  <div id="com.vsii.tsc.TSCSelenium03.tranglt.LoginTest_loginSucc_byStatus_passed_PASS5_details"
                       class="testMethodDetails">
                     <div>
                        <b>Name: </b>loginSucc
                     </div>
                     <div>
                        <b>Signature: </b>loginSucc()[pri:0, instance:com.vsii.tsc.TSCSelenium03.tranglt.LoginTest@1117f44]
                     </div>
                     <div>
                        <b>Start time: </b>16:34:17
                     </div>
                     <div>
                        <b>End time: </b>16:34:19
                     </div>
                     <div>
                        <b>Duration: </b>2s
                        
                     </div>
                  </div>
               </td>
            </tr>
            <tr></tr>
            <tr id="com.vsii.tsc.TSCSelenium03.tranglt.TestBase_beforeClass_byStatus_passed_PASS6_row"
                class="testMethodStatusPASS testMethodStatusCONF">
               <td width="100%" class="firstMethodCell">
                  <a onclick="toggleDetailsVisibility('com.vsii.tsc.TSCSelenium03.tranglt.TestBase_beforeClass_byStatus_passed_PASS6_details')">beforeClass()</a>
               </td>
               <td nowrap="true">16:33:56</td>
               <td nowrap="true" align="right">7s
                  
               </td>
               <td nowrap="true">
                   
                  
               </td>
            </tr>
            <tr>
               <td colspan="4" class="detailsBox">
                  <div id="com.vsii.tsc.TSCSelenium03.tranglt.TestBase_beforeClass_byStatus_passed_PASS6_details"
                       class="testMethodDetails">
                     <div>
                        <b>Name: </b>beforeClass
                     </div>
                     <div>
                        <b>Signature: </b>beforeClass()[pri:0, instance:com.vsii.tsc.TSCSelenium03.tranglt.TestBase@179caec]
                     </div>
                     <div>
                        <b>Start time: </b>16:33:56
                     </div>
                     <div>
                        <b>End time: </b>16:34:04
                     </div>
                     <div>
                        <b>Duration: </b>7s
                        
                     </div>
                  </div>
               </td>
            </tr>
            <tr></tr>
            <tr id="com.vsii.tsc.TSCSelenium03.tranglt.FlightFinderTest_find_byStatus_passed_PASS7_row"
                class="testMethodStatusPASS">
               <td width="100%" class="firstMethodCell">
                  <a onclick="toggleDetailsVisibility('com.vsii.tsc.TSCSelenium03.tranglt.FlightFinderTest_find_byStatus_passed_PASS7_details')">find()</a>
               </td>
               <td nowrap="true">16:34:19</td>
               <td nowrap="true" align="right">6s
                  
               </td>
               <td nowrap="true">
                   
                  
               </td>
            </tr>
            <tr>
               <td colspan="4" class="detailsBox">
                  <div id="com.vsii.tsc.TSCSelenium03.tranglt.FlightFinderTest_find_byStatus_passed_PASS7_details"
                       class="testMethodDetails">
                     <div>
                        <b>Name: </b>find
                     </div>
                     <div>
                        <b>Signature: </b>find()[pri:0, instance:com.vsii.tsc.TSCSelenium03.tranglt.FlightFinderTest@11d2887]
                     </div>
                     <div>
                        <b>Start time: </b>16:34:19
                     </div>
                     <div>
                        <b>End time: </b>16:34:26
                     </div>
                     <div>
                        <b>Duration: </b>6s
                        
                     </div>
                  </div>
               </td>
            </tr>
            <tr></tr>
         </table>
      </div>
      <div id="testMethodsByClass">
         <table class="testMethodsTable" cellpadding="0" cellspacing="0">
            <tr>
               <td colspan="4">
                  <h3 style="display: inline;">com.vsii.tsc.TSCSelenium03.tranglt.FlightFinderTest</h3>
               </td>
            </tr>
            <tr class="methodsTableHeader">
               <td width="100%">Name</td>
               <td nowrap="true">Started</td>
               <td nowrap="true">Duration</td>
               <td>Exception</td>
            </tr>
            <tr id="com.vsii.tsc.TSCSelenium03.tranglt.FlightFinderTest_find_byClass_PASS1_row"
                class="testMethodStatusPASS">
               <td width="100%" class="firstMethodCell">
                  <a onclick="toggleDetailsVisibility('com.vsii.tsc.TSCSelenium03.tranglt.FlightFinderTest_find_byClass_PASS1_details')">find()</a>
               </td>
               <td nowrap="true">16:34:19</td>
               <td nowrap="true" align="right">6s
                  
               </td>
               <td nowrap="true">
                   
                  
               </td>
            </tr>
            <tr>
               <td colspan="4" class="detailsBox">
                  <div id="com.vsii.tsc.TSCSelenium03.tranglt.FlightFinderTest_find_byClass_PASS1_details"
                       class="testMethodDetails">
                     <div>
                        <b>Name: </b>find
                     </div>
                     <div>
                        <b>Signature: </b>find()[pri:0, instance:com.vsii.tsc.TSCSelenium03.tranglt.FlightFinderTest@11d2887]
                     </div>
                     <div>
                        <b>Start time: </b>16:34:19
                     </div>
                     <div>
                        <b>End time: </b>16:34:26
                     </div>
                     <div>
                        <b>Duration: </b>6s
                        
                     </div>
                  </div>
               </td>
            </tr>
            <tr></tr>
         </table>
         <br></br>
         <table class="testMethodsTable" cellpadding="0" cellspacing="0">
            <tr>
               <td colspan="4">
                  <h3 style="display: inline;">com.vsii.tsc.TSCSelenium03.tranglt.LoginTest</h3>
               </td>
            </tr>
            <tr class="methodsTableHeader">
               <td width="100%">Name</td>
               <td nowrap="true">Started</td>
               <td nowrap="true">Duration</td>
               <td>Exception</td>
            </tr>
            <tr id="com.vsii.tsc.TSCSelenium03.tranglt.LoginTest_loginFail_byClass_PASS1_row"
                class="testMethodStatusPASS">
               <td width="100%" class="firstMethodCell">
                  <a onclick="toggleDetailsVisibility('com.vsii.tsc.TSCSelenium03.tranglt.LoginTest_loginFail_byClass_PASS1_details')">loginFail(tranglt
                     
                     ,
                     
                     123456546)
                  </a>
               </td>
               <td nowrap="true">16:34:04</td>
               <td nowrap="true" align="right">3s
                  
               </td>
               <td nowrap="true">
                   
                  
               </td>
            </tr>
            <tr>
               <td colspan="4" class="detailsBox">
                  <div id="com.vsii.tsc.TSCSelenium03.tranglt.LoginTest_loginFail_byClass_PASS1_details"
                       class="testMethodDetails">
                     <div>
                        <b>Name: </b>loginFail
                     </div>
                     <div>
                        <b>Signature: </b>loginFail(java.lang.String, java.lang.String)[pri:0, instance:com.vsii.tsc.TSCSelenium03.tranglt.LoginTest@1117f44]
                     </div>
                     <div>
                        <b>Parameters: </b>
                        
                        tranglt
                        
                        ,
                        
                        123456546
                        
                        
                     </div>
                     <div>
                        <b>Start time: </b>16:34:04
                     </div>
                     <div>
                        <b>End time: </b>16:34:08
                     </div>
                     <div>
                        <b>Duration: </b>3s
                        
                     </div>
                  </div>
               </td>
            </tr>
            <tr></tr>
            <tr id="com.vsii.tsc.TSCSelenium03.tranglt.LoginTest_loginFail_byClass_PASS2_row"
                class="testMethodStatusPASS">
               <td width="100%" class="firstMethodCell">
                  <a onclick="toggleDetailsVisibility('com.vsii.tsc.TSCSelenium03.tranglt.LoginTest_loginFail_byClass_PASS2_details')">loginFail(tranglt
                     
                     ,
                     
                     12345)
                  </a>
               </td>
               <td nowrap="true">16:34:08</td>
               <td nowrap="true" align="right">4s
                  
               </td>
               <td nowrap="true">
                   
                  
               </td>
            </tr>
            <tr>
               <td colspan="4" class="detailsBox">
                  <div id="com.vsii.tsc.TSCSelenium03.tranglt.LoginTest_loginFail_byClass_PASS2_details"
                       class="testMethodDetails">
                     <div>
                        <b>Name: </b>loginFail
                     </div>
                     <div>
                        <b>Signature: </b>loginFail(java.lang.String, java.lang.String)[pri:0, instance:com.vsii.tsc.TSCSelenium03.tranglt.LoginTest@1117f44]
                     </div>
                     <div>
                        <b>Parameters: </b>
                        
                        tranglt
                        
                        ,
                        
                        12345
                        
                        
                     </div>
                     <div>
                        <b>Start time: </b>16:34:08
                     </div>
                     <div>
                        <b>End time: </b>16:34:13
                     </div>
                     <div>
                        <b>Duration: </b>4s
                        
                     </div>
                  </div>
               </td>
            </tr>
            <tr></tr>
            <tr id="com.vsii.tsc.TSCSelenium03.tranglt.LoginTest_loginFail_byClass_PASS3_row"
                class="testMethodStatusPASS">
               <td width="100%" class="firstMethodCell">
                  <a onclick="toggleDetailsVisibility('com.vsii.tsc.TSCSelenium03.tranglt.LoginTest_loginFail_byClass_PASS3_details')">loginFail(tutorial
                     
                     ,)
                  </a>
               </td>
               <td nowrap="true">16:34:13</td>
               <td nowrap="true" align="right">2s
                  
               </td>
               <td nowrap="true">
                   
                  
               </td>
            </tr>
            <tr>
               <td colspan="4" class="detailsBox">
                  <div id="com.vsii.tsc.TSCSelenium03.tranglt.LoginTest_loginFail_byClass_PASS3_details"
                       class="testMethodDetails">
                     <div>
                        <b>Name: </b>loginFail
                     </div>
                     <div>
                        <b>Signature: </b>loginFail(java.lang.String, java.lang.String)[pri:0, instance:com.vsii.tsc.TSCSelenium03.tranglt.LoginTest@1117f44]
                     </div>
                     <div>
                        <b>Parameters: </b>
                        
                        tutorial
                        
                        ,
                        
                        
                     </div>
                     <div>
                        <b>Start time: </b>16:34:13
                     </div>
                     <div>
                        <b>End time: </b>16:34:15
                     </div>
                     <div>
                        <b>Duration: </b>2s
                        
                     </div>
                  </div>
               </td>
            </tr>
            <tr></tr>
            <tr id="com.vsii.tsc.TSCSelenium03.tranglt.LoginTest_loginFail_byClass_PASS4_row"
                class="testMethodStatusPASS">
               <td width="100%" class="firstMethodCell">
                  <a onclick="toggleDetailsVisibility('com.vsii.tsc.TSCSelenium03.tranglt.LoginTest_loginFail_byClass_PASS4_details')">loginFail(tutorial
                     
                     ,)
                  </a>
               </td>
               <td nowrap="true">16:34:15</td>
               <td nowrap="true" align="right">2s
                  
               </td>
               <td nowrap="true">
                   
                  
               </td>
            </tr>
            <tr>
               <td colspan="4" class="detailsBox">
                  <div id="com.vsii.tsc.TSCSelenium03.tranglt.LoginTest_loginFail_byClass_PASS4_details"
                       class="testMethodDetails">
                     <div>
                        <b>Name: </b>loginFail
                     </div>
                     <div>
                        <b>Signature: </b>loginFail(java.lang.String, java.lang.String)[pri:0, instance:com.vsii.tsc.TSCSelenium03.tranglt.LoginTest@1117f44]
                     </div>
                     <div>
                        <b>Parameters: </b>
                        
                        tutorial
                        
                        ,
                        
                        
                     </div>
                     <div>
                        <b>Start time: </b>16:34:15
                     </div>
                     <div>
                        <b>End time: </b>16:34:17
                     </div>
                     <div>
                        <b>Duration: </b>2s
                        
                     </div>
                  </div>
               </td>
            </tr>
            <tr></tr>
            <tr id="com.vsii.tsc.TSCSelenium03.tranglt.LoginTest_loginSucc_byClass_PASS5_row"
                class="testMethodStatusPASS">
               <td width="100%" class="firstMethodCell">
                  <a onclick="toggleDetailsVisibility('com.vsii.tsc.TSCSelenium03.tranglt.LoginTest_loginSucc_byClass_PASS5_details')">loginSucc()</a>
               </td>
               <td nowrap="true">16:34:17</td>
               <td nowrap="true" align="right">2s
                  
               </td>
               <td nowrap="true">
                   
                  
               </td>
            </tr>
            <tr>
               <td colspan="4" class="detailsBox">
                  <div id="com.vsii.tsc.TSCSelenium03.tranglt.LoginTest_loginSucc_byClass_PASS5_details"
                       class="testMethodDetails">
                     <div>
                        <b>Name: </b>loginSucc
                     </div>
                     <div>
                        <b>Signature: </b>loginSucc()[pri:0, instance:com.vsii.tsc.TSCSelenium03.tranglt.LoginTest@1117f44]
                     </div>
                     <div>
                        <b>Start time: </b>16:34:17
                     </div>
                     <div>
                        <b>End time: </b>16:34:19
                     </div>
                     <div>
                        <b>Duration: </b>2s
                        
                     </div>
                  </div>
               </td>
            </tr>
            <tr></tr>
         </table>
         <br></br>
         <table class="testMethodsTable" cellpadding="0" cellspacing="0">
            <tr>
               <td colspan="4">
                  <h3 style="display: inline;">com.vsii.tsc.TSCSelenium03.tranglt.TestBase</h3>
               </td>
            </tr>
            <tr class="methodsTableHeader">
               <td width="100%">Name</td>
               <td nowrap="true">Started</td>
               <td nowrap="true">Duration</td>
               <td>Exception</td>
            </tr>
            <tr id="com.vsii.tsc.TSCSelenium03.tranglt.TestBase_beforeClass_byClass_PASS1_row"
                class="testMethodStatusPASS testMethodStatusCONF">
               <td width="100%" class="firstMethodCell">
                  <a onclick="toggleDetailsVisibility('com.vsii.tsc.TSCSelenium03.tranglt.TestBase_beforeClass_byClass_PASS1_details')">beforeClass()</a>
               </td>
               <td nowrap="true">16:33:56</td>
               <td nowrap="true" align="right">7s
                  
               </td>
               <td nowrap="true">
                   
                  
               </td>
            </tr>
            <tr>
               <td colspan="4" class="detailsBox">
                  <div id="com.vsii.tsc.TSCSelenium03.tranglt.TestBase_beforeClass_byClass_PASS1_details"
                       class="testMethodDetails">
                     <div>
                        <b>Name: </b>beforeClass
                     </div>
                     <div>
                        <b>Signature: </b>beforeClass()[pri:0, instance:com.vsii.tsc.TSCSelenium03.tranglt.TestBase@179caec]
                     </div>
                     <div>
                        <b>Start time: </b>16:33:56
                     </div>
                     <div>
                        <b>End time: </b>16:34:04
                     </div>
                     <div>
                        <b>Duration: </b>7s
                        
                     </div>
                  </div>
               </td>
            </tr>
            <tr></tr>
            <tr id="com.vsii.tsc.TSCSelenium03.tranglt.TestBase_tearDown_byClass_FAIL2_row"
                class="testMethodStatusFAIL testMethodStatusCONF">
               <td width="100%" class="firstMethodCell">
                  <a onclick="toggleDetailsVisibility('com.vsii.tsc.TSCSelenium03.tranglt.TestBase_tearDown_byClass_FAIL2_details')">tearDown()</a>
               </td>
               <td nowrap="true">16:34:26</td>
               <td nowrap="true" align="right">0 ms
                  
               </td>
               <td nowrap="true">
                  <a onclick="toggleDetailsVisibility('com.vsii.tsc.TSCSelenium03.tranglt.TestBase_tearDown_byClass_FAIL2_exception')">java.lang.RuntimeException: 
                     Process refused to die after 10 seconds, and couldn't taskkill it: Unable to find executable for: taskkill
                     
                  </a>
                   
                  
               </td>
            </tr>
            <tr>
               <td colspan="4" class="detailsBox">
                  <div id="com.vsii.tsc.TSCSelenium03.tranglt.TestBase_tearDown_byClass_FAIL2_details"
                       class="testMethodDetails">
                     <div>
                        <b>Name: </b>tearDown
                     </div>
                     <div>
                        <b>Signature: </b>tearDown()[pri:0, instance:com.vsii.tsc.TSCSelenium03.tranglt.TestBase@179caec]
                     </div>
                     <div>
                        <b>Start time: </b>16:34:26
                     </div>
                     <div>
                        <b>End time: </b>16:34:26
                     </div>
                     <div>
                        <b>Duration: </b>0 ms
                        
                     </div>
                  </div>
               </td>
            </tr>
            <tr>
               <td colspan="4" class="detailsBox">
                  <div id="com.vsii.tsc.TSCSelenium03.tranglt.TestBase_tearDown_byClass_FAIL2_exception"
                       class="testMethodDetails">
                     <pre style="padding: 5px; margin: 0;">java.lang.RuntimeException: Process refused to die after 10 seconds, and couldn't taskkill it: Unable to find executable for:
                        taskkill
                        	at org.openqa.selenium.os.ProcessUtils.killWinProcess(ProcessUtils.java:142)
                        	at org.openqa.selenium.os.ProcessUtils.killProcess(ProcessUtils.java:81)
                        	at org.openqa.selenium.os.UnixProcess$SeleniumWatchDog.destroyHarder(UnixProcess.java:247)
                        	at org.openqa.selenium.os.UnixProcess$SeleniumWatchDog.access$2(UnixProcess.java:246)
                        	at org.openqa.selenium.os.UnixProcess.destroy(UnixProcess.java:125)
                        	at org.openqa.selenium.os.CommandLine.destroy(CommandLine.java:155)
                        	at org.openqa.selenium.firefox.FirefoxBinary.quit(FirefoxBinary.java:246)
                        	at org.openqa.selenium.firefox.internal.NewProfileExtensionConnection.quit(NewProfileExtensionConnection.java:194)
                        	at org.openqa.selenium.firefox.FirefoxDriver$LazyCommandExecutor.quit(FirefoxDriver.java:364)
                        	at org.openqa.selenium.firefox.FirefoxDriver.stopClient(FirefoxDriver.java:310)
                        	at org.openqa.selenium.remote.RemoteWebDriver.quit(RemoteWebDriver.java:529)
                        	at com.vsii.tsc.TSCSelenium03.tranglt.TestBase.tearDown(Unknown Source)
                        	at sun.reflect.NativeMethodAccessorImpl.invoke0(Native Method)
                        	at sun.reflect.NativeMethodAccessorImpl.invoke(Unknown Source)
                        	at sun.reflect.DelegatingMethodAccessorImpl.invoke(Unknown Source)
                        	at java.lang.reflect.Method.invoke(Unknown Source)
                        	at org.testng.internal.MethodInvocationHelper.invokeMethod(MethodInvocationHelper.java:84)
                        	at org.testng.internal.Invoker.invokeConfigurationMethod(Invoker.java:564)
                        	at org.testng.internal.Invoker.invokeConfigurations(Invoker.java:213)
                        	at org.testng.internal.Invoker.invokeConfigurations(Invoker.java:138)
                        	at org.testng.SuiteRunner.privateRun(SuiteRunner.java:322)
                        	at org.testng.SuiteRunner.run(SuiteRunner.java:254)
                        	at org.testng.SuiteRunnerWorker.runSuite(SuiteRunnerWorker.java:52)
                        	at org.testng.SuiteRunnerWorker.run(SuiteRunnerWorker.java:86)
                        	at org.testng.TestNG.runSuitesSequentially(TestNG.java:1224)
                        	at org.testng.TestNG.runSuitesLocally(TestNG.java:1149)
                        	at org.testng.TestNG.run(TestNG.java:1057)
                        	at org.testng.TestNG.privateMain(TestNG.java:1364)
                        	at org.testng.TestNG.main(TestNG.java:1333)
                        Caused by: java.lang.NullPointerException: Unable to find executable for: taskkill
                        	at com.google.common.base.Preconditions.checkNotNull(Preconditions.java:251)
                        	at org.openqa.selenium.os.UnixProcess.&lt;init&gt;(UnixProcess.java:62)
                        	at org.openqa.selenium.os.CommandLine.&lt;init&gt;(CommandLine.java:38)
                        	at org.openqa.selenium.os.WindowsUtils.killPID(WindowsUtils.java:178)
                        	at org.openqa.selenium.os.ProcessUtils.killWinProcess(ProcessUtils.java:138)
                        	... 28 more
                     </pre>
                  </div>
               </td>
            </tr>
         </table>
         <br></br>
      </div>
      <div style="margin-top: 15px; color: gray; text-align: center; font-size: 9px;">
         Generated with
         
         <a href="http://code.google.com/p/testng-xslt/" style="color: #8888aa;"
            target="_blank">
            TestNG XSLT
            
         </a>
      </div>
   </body>
</html>