<!DOCTYPE html PUBLIC "-//W3C//DTD XHTML 1.1//EN" "http://www.w3.org/TR/xhtml11/DTD/xhtml11.dtd">
<html xmlns="http://www.w3.org/1999/xhtml"><head><title>TestNG Report</title><style type="text/css">table {margin-bottom:10px;border-collapse:collapse;empty-cells:show}th,td {border:1px solid #009;padding:.25em .5em}th {vertical-align:bottom}td {vertical-align:top}table a {font-weight:bold}.stripe td {background-color: #E6EBF9}.num {text-align:right}.passedodd td {background-color: #3F3}.passedeven td {background-color: #0A0}.skippedodd td {background-color: #DDD}.skippedeven td {background-color: #CCC}.failedodd td,.attn {background-color: #F33}.failedeven td,.stripe .attn {background-color: #D00}.stacktrace {white-space:pre;font-family:monospace}.totop {font-size:85%;text-align:center;border-bottom:2px solid #000}</style></head><body><table><tr><th>Test</th><th># Passed</th><th># Skipped</th><th># Failed</th><th>Time (ms)</th><th>Included Groups</th><th>Excluded Groups</th></tr><tr><th colspan="7">Suite</th></tr><tr><td><a href="#t0">Test</a></td><td class="num">6</td><td class="num">0</td><td class="num">0</td><td class="num">22,034</td><td></td><td></td></tr></table><table><thead><tr><th>Class</th><th>Method</th><th>Start</th><th>Time (ms)</th></tr></thead><tbody><tr><th colspan="4">Suite</th></tr></tbody><tbody id="t0"><tr><th colspan="4">Test &#8212; failed (configuration methods)</th></tr><tr class="failedeven"><td rowspan="1">com.vsii.tsc.TSCSelenium03.tranglt.TestBase</td><td><a href="#m0">tearDown</a></td><td rowspan="1">1456824866477</td><td rowspan="1">0</td></tr><tr><th colspan="4">Test &#8212; passed</th></tr><tr class="passedeven"><td rowspan="1">com.vsii.tsc.TSCSelenium03.tranglt.FlightFinderTest</td><td><a href="#m1">find</a></td><td rowspan="1">1456824859814</td><td rowspan="1">6626</td></tr><tr class="passedodd"><td rowspan="5">com.vsii.tsc.TSCSelenium03.tranglt.LoginTest</td><td><a href="#m2">loginFail</a></td><td rowspan="4">1456824844855</td><td rowspan="4">3731</td></tr><tr class="passedodd"><td><a href="#m3">loginFail</a></td></tr><tr class="passedodd"><td><a href="#m4">loginFail</a></td></tr><tr class="passedodd"><td><a href="#m5">loginFail</a></td></tr><tr class="passedodd"><td><a href="#m6">loginSucc</a></td><td rowspan="1">1456824857459</td><td rowspan="1">2354</td></tr></tbody></table><h2>Test</h2><h3 id="m0">com.vsii.tsc.TSCSelenium03.tranglt.TestBase#tearDown</h3><table class="result"><tr><th>Exception</th></tr><tr><td><div class="stacktrace">java.lang.RuntimeException: Process refused to die after 10 seconds, and couldn&apos;t taskkill it: Unable to find executable for: taskkill
	at org.openqa.selenium.os.ProcessUtils.killWinProcess(ProcessUtils.java:142)
	at org.openqa.selenium.os.ProcessUtils.killProcess(ProcessUtils.java:81)
	at org.openqa.selenium.os.UnixProcess$SeleniumWatchDog.destroyHarder(UnixProcess.java:247)
	at org.openqa.selenium.os.UnixProcess$SeleniumWatchDog.access$2(UnixProcess.java:246)
	at org.openqa.selenium.os.UnixProcess.destroy(UnixProcess.java:125)
	at org.openqa.selenium.os.CommandLine.destroy(CommandLine.java:155)
	at org.openqa.selenium.firefox.FirefoxBinary.quit(FirefoxBinary.java:246)
	at org.openqa.selenium.firefox.internal.NewProfileExtensionConnection.quit(NewProfileExtensionConnection.java:194)
	at org.openqa.selenium.firefox.FirefoxDriver$LazyCommandExecutor.quit(FirefoxDriver.java:364)
	at org.openqa.selenium.firefox.FirefoxDriver.stopClient(FirefoxDriver.java:310)
	at org.openqa.selenium.remote.RemoteWebDriver.quit(RemoteWebDriver.java:529)
	at com.vsii.tsc.TSCSelenium03.tranglt.TestBase.tearDown(Unknown Source)
Caused by: java.lang.NullPointerException: Unable to find executable for: taskkill
	at com.google.common.base.Preconditions.checkNotNull(Preconditions.java:251)
	at org.openqa.selenium.os.UnixProcess.&lt;init&gt;(UnixProcess.java:62)
	at org.openqa.selenium.os.CommandLine.&lt;init&gt;(CommandLine.java:38)
	at org.openqa.selenium.os.WindowsUtils.killPID(WindowsUtils.java:178)
	at org.openqa.selenium.os.ProcessUtils.killWinProcess(ProcessUtils.java:138)
	... 28 more
... Removed 17 stack frames</div></td></tr></table><p class="totop"><a href="#summary">back to summary</a></p><h3 id="m1">com.vsii.tsc.TSCSelenium03.tranglt.FlightFinderTest#find</h3><table class="result"></table><p class="totop"><a href="#summary">back to summary</a></p><h3 id="m2">com.vsii.tsc.TSCSelenium03.tranglt.LoginTest#loginFail</h3><table class="result"><tr class="param"><th>Parameter #1</th><th>Parameter #2</th></tr><tr class="param stripe"><td>tranglt</td><td>123456546</td></tr></table><p class="totop"><a href="#summary">back to summary</a></p><h3 id="m3">com.vsii.tsc.TSCSelenium03.tranglt.LoginTest#loginFail</h3><table class="result"><tr class="param"><th>Parameter #1</th><th>Parameter #2</th></tr><tr class="param stripe"><td>tranglt</td><td>12345</td></tr></table><p class="totop"><a href="#summary">back to summary</a></p><h3 id="m4">com.vsii.tsc.TSCSelenium03.tranglt.LoginTest#loginFail</h3><table class="result"><tr class="param"><th>Parameter #1</th><th>Parameter #2</th></tr><tr class="param stripe"><td>tutorial</td><td>null</td></tr></table><p class="totop"><a href="#summary">back to summary</a></p><h3 id="m5">com.vsii.tsc.TSCSelenium03.tranglt.LoginTest#loginFail</h3><table class="result"><tr class="param"><th>Parameter #1</th><th>Parameter #2</th></tr><tr class="param stripe"><td>tutorial</td><td>null</td></tr></table><p class="totop"><a href="#summary">back to summary</a></p><h3 id="m6">com.vsii.tsc.TSCSelenium03.tranglt.LoginTest#loginSucc</h3><table class="result"></table><p class="totop"><a href="#summary">back to summary</a></p></body></html>