<?xml version="1.0" encoding="UTF-8"?>
<testng-results skipped="0" failed="0" total="6" passed="6">
  <reporter-output>
  </reporter-output>
  <suite name="Suite" duration-ms="22034" started-at="2016-03-01T09:34:04Z" finished-at="2016-03-01T09:34:26Z">
    <groups>
    </groups>
    <test name="Test" duration-ms="22034" started-at="2016-03-01T09:34:04Z" finished-at="2016-03-01T09:34:26Z">
      <class name="com.vsii.tsc.TSCSelenium03.tranglt.LoginTest">
        <test-method status="PASS" signature="loginFail(java.lang.String, java.lang.String)[pri:0, instance:com.vsii.tsc.TSCSelenium03.tranglt.LoginTest@1117f44]" name="loginFail" duration-ms="3731" started-at="2016-03-01T16:34:04Z" data-provider="getData" finished-at="2016-03-01T16:34:08Z">
          <params>
            <param index="0">
              <value>
                <![CDATA[tranglt]]>
              </value>
            </param>
            <param index="1">
              <value>
                <![CDATA[123456546]]>
              </value>
            </param>
          </params>
          <reporter-output>
          </reporter-output>
        </test-method> <!-- loginFail -->
        <test-method status="PASS" signature="loginFail(java.lang.String, java.lang.String)[pri:0, instance:com.vsii.tsc.TSCSelenium03.tranglt.LoginTest@1117f44]" name="loginFail" duration-ms="4746" started-at="2016-03-01T16:34:08Z" data-provider="getData" finished-at="2016-03-01T16:34:13Z">
          <params>
            <param index="0">
              <value>
                <![CDATA[tranglt]]>
              </value>
            </param>
            <param index="1">
              <value>
                <![CDATA[12345]]>
              </value>
            </param>
          </params>
          <reporter-output>
          </reporter-output>
        </test-method> <!-- loginFail -->
        <test-method status="PASS" signature="loginFail(java.lang.String, java.lang.String)[pri:0, instance:com.vsii.tsc.TSCSelenium03.tranglt.LoginTest@1117f44]" name="loginFail" duration-ms="2066" started-at="2016-03-01T16:34:13Z" data-provider="getData" finished-at="2016-03-01T16:34:15Z">
          <params>
            <param index="0">
              <value>
                <![CDATA[tutorial]]>
              </value>
            </param>
            <param index="1">
              <value is-null="true"/>
            </param>
          </params>
          <reporter-output>
          </reporter-output>
        </test-method> <!-- loginFail -->
        <test-method status="PASS" signature="loginFail(java.lang.String, java.lang.String)[pri:0, instance:com.vsii.tsc.TSCSelenium03.tranglt.LoginTest@1117f44]" name="loginFail" duration-ms="2060" started-at="2016-03-01T16:34:15Z" data-provider="getData" finished-at="2016-03-01T16:34:17Z">
          <params>
            <param index="0">
              <value>
                <![CDATA[tutorial]]>
              </value>
            </param>
            <param index="1">
              <value is-null="true"/>
            </param>
          </params>
          <reporter-output>
          </reporter-output>
        </test-method> <!-- loginFail -->
        <test-method status="PASS" signature="loginSucc()[pri:0, instance:com.vsii.tsc.TSCSelenium03.tranglt.LoginTest@1117f44]" name="loginSucc" duration-ms="2354" started-at="2016-03-01T16:34:17Z" finished-at="2016-03-01T16:34:19Z">
          <reporter-output>
          </reporter-output>
        </test-method> <!-- loginSucc -->
      </class> <!-- com.vsii.tsc.TSCSelenium03.tranglt.LoginTest -->
      <class name="com.vsii.tsc.TSCSelenium03.tranglt.TestBase">
        <test-method status="PASS" signature="beforeClass()[pri:0, instance:com.vsii.tsc.TSCSelenium03.tranglt.TestBase@179caec]" name="beforeClass" is-config="true" duration-ms="7496" started-at="2016-03-01T16:33:56Z" finished-at="2016-03-01T16:34:04Z">
          <reporter-output>
          </reporter-output>
        </test-method> <!-- beforeClass -->
        <test-method status="FAIL" signature="tearDown()[pri:0, instance:com.vsii.tsc.TSCSelenium03.tranglt.TestBase@179caec]" name="tearDown" is-config="true" duration-ms="0" started-at="2016-03-01T16:34:26Z" finished-at="2016-03-01T16:34:26Z">
          <exception class="java.lang.RuntimeException">
            <message>
              <![CDATA[Process refused to die after 10 seconds, and couldn't taskkill it: Unable to find executable for: taskkill]]>
            </message>
            <full-stacktrace>
              <![CDATA[java.lang.RuntimeException: Process refused to die after 10 seconds, and couldn't taskkill it: Unable to find executable for: taskkill
	at org.openqa.selenium.os.ProcessUtils.killWinProcess(ProcessUtils.java:142)
	at org.openqa.selenium.os.ProcessUtils.killProcess(ProcessUtils.java:81)
	at org.openqa.selenium.os.UnixProcess$SeleniumWatchDog.destroyHarder(UnixProcess.java:247)
	at org.openqa.selenium.os.UnixProcess$SeleniumWatchDog.access$2(UnixProcess.java:246)
	at org.openqa.selenium.os.UnixProcess.destroy(UnixProcess.java:125)
	at org.openqa.selenium.os.CommandLine.destroy(CommandLine.java:155)
	at org.openqa.selenium.firefox.FirefoxBinary.quit(FirefoxBinary.java:246)
	at org.openqa.selenium.firefox.internal.NewProfileExtensionConnection.quit(NewProfileExtensionConnection.java:194)
	at org.openqa.selenium.firefox.FirefoxDriver$LazyCommandExecutor.quit(FirefoxDriver.java:364)
	at org.openqa.selenium.firefox.FirefoxDriver.stopClient(FirefoxDriver.java:310)
	at org.openqa.selenium.remote.RemoteWebDriver.quit(RemoteWebDriver.java:529)
	at com.vsii.tsc.TSCSelenium03.tranglt.TestBase.tearDown(Unknown Source)
	at sun.reflect.NativeMethodAccessorImpl.invoke0(Native Method)
	at sun.reflect.NativeMethodAccessorImpl.invoke(Unknown Source)
	at sun.reflect.DelegatingMethodAccessorImpl.invoke(Unknown Source)
	at java.lang.reflect.Method.invoke(Unknown Source)
	at org.testng.internal.MethodInvocationHelper.invokeMethod(MethodInvocationHelper.java:84)
	at org.testng.internal.Invoker.invokeConfigurationMethod(Invoker.java:564)
	at org.testng.internal.Invoker.invokeConfigurations(Invoker.java:213)
	at org.testng.internal.Invoker.invokeConfigurations(Invoker.java:138)
	at org.testng.SuiteRunner.privateRun(SuiteRunner.java:322)
	at org.testng.SuiteRunner.run(SuiteRunner.java:254)
	at org.testng.SuiteRunnerWorker.runSuite(SuiteRunnerWorker.java:52)
	at org.testng.SuiteRunnerWorker.run(SuiteRunnerWorker.java:86)
	at org.testng.TestNG.runSuitesSequentially(TestNG.java:1224)
	at org.testng.TestNG.runSuitesLocally(TestNG.java:1149)
	at org.testng.TestNG.run(TestNG.java:1057)
	at org.testng.TestNG.privateMain(TestNG.java:1364)
	at org.testng.TestNG.main(TestNG.java:1333)
Caused by: java.lang.NullPointerException: Unable to find executable for: taskkill
	at com.google.common.base.Preconditions.checkNotNull(Preconditions.java:251)
	at org.openqa.selenium.os.UnixProcess.<init>(UnixProcess.java:62)
	at org.openqa.selenium.os.CommandLine.<init>(CommandLine.java:38)
	at org.openqa.selenium.os.WindowsUtils.killPID(WindowsUtils.java:178)
	at org.openqa.selenium.os.ProcessUtils.killWinProcess(ProcessUtils.java:138)
	... 28 more
]]>
            </full-stacktrace>
          </exception> <!-- java.lang.RuntimeException -->
          <reporter-output>
          </reporter-output>
        </test-method> <!-- tearDown -->
      </class> <!-- com.vsii.tsc.TSCSelenium03.tranglt.TestBase -->
      <class name="com.vsii.tsc.TSCSelenium03.tranglt.FlightFinderTest">
        <test-method status="PASS" signature="find()[pri:0, instance:com.vsii.tsc.TSCSelenium03.tranglt.FlightFinderTest@11d2887]" name="find" duration-ms="6626" started-at="2016-03-01T16:34:19Z" finished-at="2016-03-01T16:34:26Z">
          <reporter-output>
          </reporter-output>
        </test-method> <!-- find -->
      </class> <!-- com.vsii.tsc.TSCSelenium03.tranglt.FlightFinderTest -->
    </test> <!-- Test -->
  </suite> <!-- Suite -->
</testng-results>
